<?xml version="1.0" encoding="UTF-8"?>
<testsuite name="PasswordCheckerTest" tests="1" skipped="0" failures="0" errors="0" timestamp="2020-03-12T11:10:47" hostname="admin1-ThinkCentre-M72e" time="6.055">
  <properties/>
  <testcase name="passwordIsValidTest" classname="PasswordCheckerTest" time="6.055"/>
  <system-out><![CDATA[]]></system-out>
  <system-err><![CDATA[]]></system-err>
</testsuite>
